Run Information
========================
cognizant.intelligent.test.scripter.engine : 2.0
java.runtime.name    : Java(TM) SE Runtime Environment
java.version         : 17.0.12
java.home            : C:\Program Files\Java\jdk-17
os.name              : Windows 10
os.arch              : amd64
os.version           : 10.0
file.encoding        : UTF-8
========================
Run Started on Mon Jan 06 17:44:30 IST 2025
Loading Browser Profile
Loading RunManager
[Scenario:E chat SMS bot] [TestCase: TC002_SMS blanket request Aria] [Description: Test Run] [Browser: Chrome] [BrowserVersion: default] [Platform: ANY][ExistingBrowser: false]
Initializing Report
[Thread-83] WARN com.cognizant.cognizantits.engine.core.TMIntegration - TM integration disabled for testcases running via design mode
ApiLink not available!!
Run Manager true
Continue Execution true
Shutting Down Thread as there is no need for SelectiveThreading
Running Iteration 1
Launching Chrome
Launching Local Driver
Starting ChromeDriver 131.0.6778.69 (77e2244bbcda3ab9362d5b8aeeb006a86a6d4832-refs/branch-heads/6778@{#2141}) on port 27709
Only local connections are allowed.
Please see https://chromedriver.chromium.org/security-considerations for suggestions on keeping ChromeDriver safe.
ChromeDriver was started successfully on port 27709.
2025-01-06 17:44:32:01S +0530 [INFO] org.openqa.selenium.remote.ProtocolHandshake createSession:Detected dialect: W3C
Chrome Launched
Step:1   | Object: Browser | Action: Open | Input: @https://web.powerva.microsoft.com/environments/3821c0c5-7def-e316-891e-74bb44c49e02/bots/cr425_PVA2.0_V1/canvas?__version__=2 | Conditon:  | @06-Jan-2025 17:44:32.032
[DONE]   | Opened Url: https://web.powerva.microsoft.com/environments/3821c0c5-7def-e316-891e-74bb44c49e02/bots/cr425_PVA2.0_V1/canvas?__version__=2

===================================================================================================

Step:2   | Object: Browser | Action: pause | Input: @40000 | Conditon:  | @06-Jan-2025 17:44:34.034
[DONE]   | Thread sleep for '40000

===================================================================================================

Step:3   | Object: May I know your Ph no message | Action: assertElementPresent | Input:  | Conditon:  | @06-Jan-2025 17:45:14.014
Using @xpath [//div[@aria-label='Chat history, press arrow keys to navigate.']//div[@class='webchat__bubble__content']//*[contains(text(),'May I ask your phone number please')]], Object 'May I know your Ph no message' Found in 8249 ms
[PASS]   | Element [May I know your Ph no message] is Present

===================================================================================================

Step:4   | Object: Text box | Action: doubleClickElement | Input:  | Conditon:  | @06-Jan-2025 17:45:23.023
Using @xpath [//div[@class='webchat__send-box__main']//input[@aria-label='Message input box']], Object 'Text box' Found in 32 ms
[DONE]   | '[[ChromeDriver: chrome on WINDOWS (21764986d51c23691d7d31d5815c674c)] -> xpath: //div[@class='webchat__send-box__main']//input[@aria-label='Message input box']]' is doubleClicked

===================================================================================================

Step:5   | Object: Text box | Action: Set | Input: @8149715090 | Conditon:  | @06-Jan-2025 17:45:23.023
Using @xpath [//div[@class='webchat__send-box__main']//input[@aria-label='Message input box']], Object 'Text box' Found in 29 ms
[DONE]   | Entered Text '8149715090' on 'Text box'

===================================================================================================

Step:6   | Object: Send button | Action: Click | Input:  | Conditon:  | @06-Jan-2025 17:45:24.024
Using @xpath [//button[@title='Send']], Object 'Send button' Found in 30 ms
[DONE]   | Clicking on Send button

===================================================================================================

Step:7   | Object: Browser | Action: pause | Input: @5000 | Conditon:  | @06-Jan-2025 17:45:24.024
[DONE]   | Thread sleep for '5000

===================================================================================================

Step:8   | Object: Yes | Action: waitForElementToBePresent | Input:  | Conditon:  | @06-Jan-2025 17:45:29.029
Using @xpath [//button[@type='button']//span[contains(text(),'Yes')]], Object 'Yes' Found in 30 ms
[PASS]   | 'Yes' Element Present in the stipulated time

===================================================================================================

Step:9   | Object: No | Action: Click | Input:  | Conditon:  | @06-Jan-2025 17:45:29.029
Using @xpath [//button[@type='button']//span[contains(text(),'No')]], Object 'No' Found in 28 ms
[DONE]   | Clicking on No

===================================================================================================

Step:10  | Object: Browser | Action: pause | Input: @5000 | Conditon:  | @06-Jan-2025 17:45:29.029
[DONE]   | Thread sleep for '5000

===================================================================================================

Step:1   | Object: Text box | Action: Click | Input:  | Conditon:  | @06-Jan-2025 17:45:34.034
Using @xpath [//div[@class='webchat__send-box__main']//input[@aria-label='Message input box']], Object 'Text box' Found in 27 ms
[DONE]   | Clicking on Text box

===================================================================================================

Step:2   | Object: Text box | Action: Set | Input: Blanket:Utterance | Conditon:  | @06-Jan-2025 17:45:35.035
Using @xpath [//div[@class='webchat__send-box__main']//input[@aria-label='Message input box']], Object 'Text box' Found in 24 ms
[DONE]   | Entered Text 'I will need some extra bedcovers. Can you please send them over?' on 'Text box'

===================================================================================================

Step:3   | Object: Send button | Action: Click | Input:  | Conditon:  | @06-Jan-2025 17:45:35.035
Using @xpath [//button[@title='Send']], Object 'Send button' Found in 25 ms
[DONE]   | Clicking on Send button

===================================================================================================

Step:4   | Object: Room number message | Action: assertElementPresent | Input:  | Conditon:  | @06-Jan-2025 17:45:35.035
Using @xpath [//div[@class='webchat__bubble__content']//*[contains(text(),'Please provide your room number without any special characters. (example: 9123)')]], Object 'Room number message' Found in 5154 ms
[PASS]   | Element [Room number message] is Present

===================================================================================================

Step:5   | Object: Text box | Action: Click | Input:  | Conditon:  | @06-Jan-2025 17:45:41.041
Using @xpath [//div[@class='webchat__send-box__main']//input[@aria-label='Message input box']], Object 'Text box' Found in 27 ms
[DONE]   | Clicking on Text box

===================================================================================================

Step:6   | Object: Text box | Action: Set | Input: @176 | Conditon:  | @06-Jan-2025 17:45:41.041
Using @xpath [//div[@class='webchat__send-box__main']//input[@aria-label='Message input box']], Object 'Text box' Found in 27 ms
[DONE]   | Entered Text '176' on 'Text box'

===================================================================================================

Step:7   | Object: Send button | Action: Click | Input:  | Conditon:  | @06-Jan-2025 17:45:41.041
Using @xpath [//button[@title='Send']], Object 'Send button' Found in 27 ms
[DONE]   | Clicking on Send button

===================================================================================================

Step:8   | Object: How many do you need | Action: assertElementPresent | Input:  | Conditon:  | @06-Jan-2025 17:45:41.041
Element could not be identified with [xpath] : [//div[@class='webchat__bubble__content']//*[contains(text(),'How many do you need? (please type 1, 2, 3, or 4)')]]
Expected condition failed: waiting for presence of any elements located by By.xpath: //div[@class='webchat__bubble__content']//*[contains(text(),'How many do you need? (please type 1, 2, 3, or 4)')] (tried for 10 second(s) with 500 milliseconds interval)

2025-01-06 17:45:51:01S +0530 [OFF ] com.cognizant.cognizantits.engine.drivers.AutomationObject getElements:null
org.openqa.selenium.TimeoutException: Expected condition failed: waiting for com.cognizant.cognizantits.engine.drivers.AutomationObject$$Lambda$986/0x000001c205849e40@5a64392a (tried for 10 second(s) with 500 milliseconds interval)
Build info: version: '3.141.59', revision: 'e82be7d358', time: '2018-11-14T08:17:03'
System info: host: 'CTXPCONTWRK2445', ip: '10.76.140.38', os.name: 'Windows 10', os.arch: 'amd64', os.version: '10.0', java.version: '17.0.12'
Driver info: org.openqa.selenium.chrome.ChromeDriver
Capabilities {acceptInsecureCerts: false, browserName: chrome, browserVersion: 131.0.6778.205, chrome: {chromedriverVersion: 131.0.6778.69 (77e2244bbcda..., userDataDir: C:\Users\AGOPAL\AppData\Loc...}, fedcm:accounts: true, goog:chromeOptions: {debuggerAddress: localhost:54212}, javascriptEnabled: true, networkConnectionEnabled: false, pageLoadStrategy: normal, platform: WINDOWS, platformName: WINDOWS, proxy: Proxy(), setWindowRect: true, strictFileInteractability: false, timeouts: {implicit: 0, pageLoad: 300000, script: 30000}, unhandledPromptBehavior: dismiss and notify, webauthn:extension:credBlob: true, webauthn:extension:largeBlob: true, webauthn:extension:minPinLength: true, webauthn:extension:prf: true, webauthn:virtualAuthenticators: true}
Session ID: 21764986d51c23691d7d31d5815c674c
	at org.openqa.selenium.support.ui.WebDriverWait.timeoutException(WebDriverWait.java:95)
	at org.openqa.selenium.support.ui.FluentWait.until(FluentWait.java:272)
	at com.cognizant.cognizantits.engine.drivers.AutomationObject.getElements(AutomationObject.java:322)
	at com.cognizant.cognizantits.engine.drivers.AutomationObject.getWElements(AutomationObject.java:273)
	at com.cognizant.cognizantits.engine.drivers.AutomationObject.findElements(AutomationObject.java:260)
	at com.cognizant.cognizantits.engine.drivers.AutomationObject.findElement(AutomationObject.java:136)
	at com.cognizant.cognizantits.engine.drivers.AutomationObject.findElement(AutomationObject.java:129)
	at com.cognizant.cognizantits.engine.core.CommandControl.sync(CommandControl.java:98)
	at com.cognizant.cognizantits.engine.core.CommandControl.sync(CommandControl.java:183)
	at com.cognizant.cognizantits.engine.execution.run.TestStepRunner.executeStep(TestStepRunner.java:160)
	at com.cognizant.cognizantits.engine.execution.run.TestStepRunner.executeStep(TestStepRunner.java:147)
	at com.cognizant.cognizantits.engine.execution.run.TestStepRunner.run(TestStepRunner.java:66)
	at com.cognizant.cognizantits.engine.execution.run.TestCaseRunner.runStep(TestCaseRunner.java:397)
	at com.cognizant.cognizantits.engine.execution.run.TestCaseRunner.run(TestCaseRunner.java:348)
	at com.cognizant.cognizantits.engine.execution.run.TestCaseRunner.run(TestCaseRunner.java:389)
	at com.cognizant.cognizantits.engine.execution.run.TestStepRunner.executeTestCase(TestStepRunner.java:137)
	at com.cognizant.cognizantits.engine.execution.run.TestStepRunner.execute(TestStepRunner.java:118)
	at com.cognizant.cognizantits.engine.execution.run.TestStepRunner.run(TestStepRunner.java:63)
	at com.cognizant.cognizantits.engine.execution.run.TestCaseRunner.runStep(TestCaseRunner.java:397)
	at com.cognizant.cognizantits.engine.execution.run.TestCaseRunner.run(TestCaseRunner.java:348)
	at com.cognizant.cognizantits.engine.core.Task.runIteration(Task.java:127)
	at com.cognizant.cognizantits.engine.core.Task.run(Task.java:83)
	at java.base/java.util.concurrent.ThreadPoolExecutor.runWorker(ThreadPoolExecutor.java:1136)
	at java.base/java.util.concurrent.ThreadPoolExecutor$Worker.run(ThreadPoolExecutor.java:635)
	at java.base/java.lang.Thread.run(Thread.java:842)

Couldn't find Object 'How many do you need' in stipulated Time '10' Seconds
[FAIL]   | Element [How many do you need] is not Present

===================================================================================================

2025-01-06 17:45:52:01S +0530 [SEVERE] com.cognizant.cognizantits.engine.execution.run.TestCaseRunner onRuntimeException:Element [How many do you need] is not Present
com.cognizant.cognizantits.engine.execution.exception.ForcedException: Element [How many do you need] is not Present
	at com.cognizant.cognizantits.engine.commands.AssertElement.assertElement(AssertElement.java:82)
	at com.cognizant.cognizantits.engine.commands.AssertElement.assertElement(AssertElement.java:87)
	at com.cognizant.cognizantits.engine.commands.AssertElement.assertElementPresent(AssertElement.java:57)
	at com.cognizant.cognizantits.engine.support.reflect.MethodExecutor.executeMethod(MethodExecutor.java:39)
	at com.cognizant.cognizantits.engine.execution.run.TestStepRunner.executeAction(TestStepRunner.java:165)
	at com.cognizant.cognizantits.engine.execution.run.TestStepRunner.executeStep(TestStepRunner.java:161)
	at com.cognizant.cognizantits.engine.execution.run.TestStepRunner.executeStep(TestStepRunner.java:147)
	at com.cognizant.cognizantits.engine.execution.run.TestStepRunner.run(TestStepRunner.java:66)
	at com.cognizant.cognizantits.engine.execution.run.TestCaseRunner.runStep(TestCaseRunner.java:397)
	at com.cognizant.cognizantits.engine.execution.run.TestCaseRunner.run(TestCaseRunner.java:348)
	at com.cognizant.cognizantits.engine.execution.run.TestCaseRunner.run(TestCaseRunner.java:389)
	at com.cognizant.cognizantits.engine.execution.run.TestStepRunner.executeTestCase(TestStepRunner.java:137)
	at com.cognizant.cognizantits.engine.execution.run.TestStepRunner.execute(TestStepRunner.java:118)
	at com.cognizant.cognizantits.engine.execution.run.TestStepRunner.run(TestStepRunner.java:63)
	at com.cognizant.cognizantits.engine.execution.run.TestCaseRunner.runStep(TestCaseRunner.java:397)
	at com.cognizant.cognizantits.engine.execution.run.TestCaseRunner.run(TestCaseRunner.java:348)
	at com.cognizant.cognizantits.engine.core.Task.runIteration(Task.java:127)
	at com.cognizant.cognizantits.engine.core.Task.run(Task.java:83)
	at java.base/java.util.concurrent.ThreadPoolExecutor.runWorker(ThreadPoolExecutor.java:1136)
	at java.base/java.util.concurrent.ThreadPoolExecutor$Worker.run(ThreadPoolExecutor.java:635)
	at java.base/java.lang.Thread.run(Thread.java:842)

Step:9   | Object: Text box | Action: Click | Input:  | Conditon:  | @06-Jan-2025 17:45:52.052
Using @xpath [//div[@class='webchat__send-box__main']//input[@aria-label='Message input box']], Object 'Text box' Found in 22 ms
[DONE]   | Clicking on Text box

===================================================================================================

Step:10  | Object: Text box | Action: Set | Input: @3 | Conditon:  | @06-Jan-2025 17:45:52.052
Using @xpath [//div[@class='webchat__send-box__main']//input[@aria-label='Message input box']], Object 'Text box' Found in 30 ms
[DONE]   | Entered Text '3' on 'Text box'

===================================================================================================

Step:11  | Object: Send button | Action: Click | Input:  | Conditon:  | @06-Jan-2025 17:45:52.052
Using @xpath [//button[@title='Send']], Object 'Send button' Found in 28 ms
[DONE]   | Clicking on Send button

===================================================================================================

Step:12  | Object: Confirmation message | Action: assertElementPresent | Input:  | Conditon:  | @06-Jan-2025 17:45:52.052
Using @xpath [//div[@class='webchat__bubble__content']//*[contains(text(),'Youâ€™re all set! We')]], Object 'Confirmation message' Found in 35 ms
[PASS]   | Element [Confirmation message] is Present

===================================================================================================

Step:13  | Object: Browser | Action: pause | Input: @5000 | Conditon:  | @06-Jan-2025 17:45:53.053
[DONE]   | Thread sleep for '5000

===================================================================================================


---------------------------------------------------
Testcase Name        : E chat SMS bot:TC002_SMS blanket request Aria
Executed Steps       : 23
Passed Steps         : 22
Failed Steps         : 1
Time Taken           : 00:01:27
-----------------------------------------------------

Run Finished on Mon Jan 06 17:45:58 IST 2025
-----------------------------------------------------
ExecutionDate        : 06-Jan-2025 17-44-30
Executed TestCases   : 1
Passed TestCases     : 0
Failed TestCases     : 1
Time Taken           : 00:01:27
ReportPath           : file:///C:\Users\AGOPAL\Downloads\cognizant-intelligent-test-scripter-2.0-setup\cognizant-intelligent-test-scripter-2.0\Projects\E Chat Mobile bot\Results\TestDesign\E chat SMS bot\TC002_SMS blanket request Aria\06-Jan-2025 17-44-30\summary.html
-----------------------------------------------------
[Thread-83] INFO com.cognizant.cognizantits.engine.support.DesktopApi - Trying to Open - C:\Users\AGOPAL\Downloads\cognizant-intelligent-test-scripter-2.0-setup\cognizant-intelligent-test-scripter-2.0\Projects\E Chat Mobile bot\Results\TestDesign\E chat SMS bot\TC002_SMS blanket request Aria\06-Jan-2025 17-44-30\summary.html
[Thread-83] INFO com.cognizant.cognizantits.engine.support.DesktopApi - Trying to exec: [explorer] [%s] [C:\Users\AGOPAL\Downloads\cognizant-intelligent-test-scripter-2.0-setup\cognizant-intelligent-test-scripter-2.0\Projects\E Chat Mobile bot\Results\TestDesign\E chat SMS bot\TC002_SMS blanket request Aria\06-Jan-2025 17-44-30\summary.html]
